<?xml version="1.0" encoding="UTF-8"?>
<!-- Generated by org.testng.reporters.JUnitReportReporter -->
<testsuite name="com.hubspot.tests.ContactsPageTest" tests="4" time="120.983" ignored="0" failures="0" timestamp="06 Dec 2019 06:15:05 GMT" skipped="0" hostname="YASUs-MacBook-Pro.local" errors="0">
  <testcase name="createNewPOMContactTest" time="31.108" classname="com.hubspot.tests.ContactsPageTest"/>
  <testcase name="createNewPOMContactTest" time="32.526" classname="com.hubspot.tests.ContactsPageTest"/>
  <testcase name="createNewPOMContactTest" time="32.397" classname="com.hubspot.tests.ContactsPageTest"/>
  <testcase name="verifyContactsPageTitle" time="24.952" classname="com.hubspot.tests.ContactsPageTest"/>
</testsuite> <!-- com.hubspot.tests.ContactsPageTest -->
