<?xml version="1.0" encoding="UTF-8"?>
<!-- Generated by org.testng.reporters.JUnitReportReporter -->
<testsuite name="com.hubspot.tests.HomePageTest" tests="3" time="66.475" ignored="0" failures="0" timestamp="06 Dec 2019 06:11:02 GMT" skipped="0" hostname="YASUs-MacBook-Pro.local" errors="0">
  <testcase name="verifyHomePageTitleTest" time="24.890" classname="com.hubspot.tests.HomePageTest"/>
  <testcase name="verifyHomePageHeaderTest" time="19.384" classname="com.hubspot.tests.HomePageTest"/>
  <testcase name="verifyLoggedCompanyInfo" time="22.201" classname="com.hubspot.tests.HomePageTest"/>
</testsuite> <!-- com.hubspot.tests.HomePageTest -->
