<?xml version="1.0" encoding="UTF-8"?>
<!-- Generated by org.testng.reporters.JUnitReportReporter -->
<testsuite name="com.hubspot.tests.LoginPageTest" tests="4" time="67.226" ignored="0" failures="0" timestamp="06 Dec 2019 06:12:42 GMT" skipped="0" hostname="YASUs-MacBook-Pro.local" errors="0">
  <testcase name="loginTest2" time="17.969" classname="com.hubspot.tests.LoginPageTest"/>
  <testcase name="loginPageTitle" time="17.279" classname="com.hubspot.tests.LoginPageTest"/>
  <testcase name="loginTest1" time="15.995" classname="com.hubspot.tests.LoginPageTest"/>
  <testcase name="loginTest3" time="15.983" classname="com.hubspot.tests.LoginPageTest"/>
</testsuite> <!-- com.hubspot.tests.LoginPageTest -->
